d:\classs\students\гурбатов класс студенты\debug\vc142.pdb
d:\classs\students\гурбатов класс студенты\debug\vc142.idb
d:\classs\students\гурбатов класс студенты\debug\гурбатов класс студенты.obj
d:\classs\students\гурбатов класс студенты\debug\student.obj
c:\users\user\source\repos\гурбатов класс студенты\debug\vc142.pdb
c:\users\user\source\repos\гурбатов класс студенты\debug\vc142.idb
c:\users\user\source\repos\гурбатов класс студенты\debug\гурбатов класс студенты.obj
c:\users\user\source\repos\гурбатов класс студенты\debug\student.obj
d:\classs\students\гурбатов класс студенты\debug\гурбатов класс студенты.exe
d:\classs\students\гурбатов класс студенты\debug\гурбатов класс студенты.ilk
d:\classs\students\гурбатов класс студенты\debug\гурбатов класс студенты.pdb
c:\users\user\source\repos\гурбатов класс студенты\debug\гурбатов класс студенты.exe
c:\users\user\source\repos\гурбатов класс студенты\debug\гурбатов класс студенты.ilk
c:\users\user\source\repos\гурбатов класс студенты\debug\гурбатов класс студенты.pdb
c:\users\user\source\repos\гурбатов класс студенты\debug\гурбатов.4fd9d9ad.tlog\cl.command.1.tlog
c:\users\user\source\repos\гурбатов класс студенты\debug\гурбатов.4fd9d9ad.tlog\cl.read.1.tlog
c:\users\user\source\repos\гурбатов класс студенты\debug\гурбатов.4fd9d9ad.tlog\cl.write.1.tlog
c:\users\user\source\repos\гурбатов класс студенты\debug\гурбатов.4fd9d9ad.tlog\link.command.1.tlog
c:\users\user\source\repos\гурбатов класс студенты\debug\гурбатов.4fd9d9ad.tlog\link.delete.1.tlog
c:\users\user\source\repos\гурбатов класс студенты\debug\гурбатов.4fd9d9ad.tlog\link.read.1.tlog
c:\users\user\source\repos\гурбатов класс студенты\debug\гурбатов.4fd9d9ad.tlog\link.write.1.tlog
